07/14/17 21:55:00.530 AB ================ AB START ========================
07/14/17 21:55:00.530 AB Args: -ipServer 172.30.29.1 -ip 172.30.26.141 -cmd C:\Autoclient\TOOL\ab\Temp\172.30.26.141_TempAb.ab -out C:\Autoclient\TOOL\ab\Temp\172.30.26.141_2017_07_14_21_54.out -dir C:\Autoclient\TOOL\AB5\ -log 5 -wavdir C:\Autoclient\TOOL\ab\WavFiles -apMac ff11111111ff -mac 0009ef001001 -rtp 
07/14/17 21:55:00.530 AB 
07/14/17 21:55:00.530 AB java.vm.name Java HotSpot(TM) 64-Bit Server VM
07/14/17 21:55:00.530 AB java.runtime.version 1.8.0_121-b13
07/14/17 21:55:00.530 AB AB4 -- Automated Badge Version 4 (Build 9400)
07/14/17 21:55:00.530 AB Apr 21 2013  added -phoneLogDir for vomo-SIP logs.
07/14/17 21:55:00.530 AB Mar 29 2013  abUserAgent.dll nowe loads ok.
07/14/17 21:55:00.530 AB Jan 21 2013  DLL crash fixed.  Log files (non-AB) re-directed.  Speaker can be turned off.
07/14/17 21:55:00.545 AB Temporary files directory: C:\Users\sgartia\AppData\Local\Temp\ab_temp\500530\
07/14/17 21:55:00.545 AB sName resources/0.wav
07/14/17 21:55:00.545 AB sName resources/1.wav
07/14/17 21:55:00.561 AB sName resources/2.wav
07/14/17 21:55:00.561 AB sName resources/3.wav
07/14/17 21:55:00.561 AB sName resources/4.wav
07/14/17 21:55:00.577 AB sName resources/5.wav
07/14/17 21:55:00.577 AB sName resources/6.wav
07/14/17 21:55:00.592 AB sName resources/7.wav
07/14/17 21:55:00.592 AB sName resources/8.wav
07/14/17 21:55:00.608 AB sName resources/9.wav
07/14/17 21:55:00.608 AB sName resources/Accept.wav
07/14/17 21:55:00.623 AB sName resources/AddressBook.wav
07/14/17 21:55:00.623 AB sName resources/AnotherNumber.wav
07/14/17 21:55:00.623 AB sName resources/Call.wav
07/14/17 21:55:00.639 AB sName resources/DepartmentOne.wav
07/14/17 21:55:00.639 AB sName resources/Deskphone.wav
07/14/17 21:55:00.655 AB sName resources/Everyone.wav
07/14/17 21:55:00.655 AB sName resources/From.wav
07/14/17 21:55:00.655 AB sName resources/HomePhone.wav
07/14/17 21:55:00.670 AB sName resources/LogOut.wav
07/14/17 21:55:00.670 AB sName resources/Only.wav
07/14/17 21:55:00.670 AB sName resources/OutsideBuddy.wav
07/14/17 21:55:00.686 AB sName resources/Stop_Forwarding.wav
07/14/17 21:55:00.686 AB sName resources/To.wav
07/14/17 21:55:00.701 AB sName resources/Transfer.wav
07/14/17 21:55:00.701 AB sName resources/WhatGroupsAmIIn.wav
07/14/17 21:55:00.701 AB sName resources/WhatTimeIsIt.wav
07/14/17 21:55:00.717 AB sName resources/WhoAmI.wav
07/14/17 21:55:00.717 AB sName resources/a-2.wav
07/14/17 21:55:00.732 AB sName resources/a.wav
07/14/17 21:55:00.732 AB sName resources/accept_all_calls.wav
07/14/17 21:55:00.732 AB sName resources/add.wav
07/14/17 21:55:00.748 AB sName resources/address_book.wav
07/14/17 21:55:00.748 AB sName resources/all.wav
07/14/17 21:55:00.764 AB sName resources/an-2.wav
07/14/17 21:55:00.764 AB sName resources/an.wav
07/14/17 21:55:00.779 AB sName resources/announce.wav
07/14/17 21:55:00.795 AB sName resources/another.wav
07/14/17 21:55:00.795 AB sName resources/another_number.wav
07/14/17 21:55:00.795 AB sName resources/b.wav
07/14/17 21:55:00.810 AB sName resources/back.wav
07/14/17 21:55:00.810 AB sName resources/block.wav
07/14/17 21:55:00.810 AB sName resources/block_all_calls.wav
07/14/17 21:55:00.826 AB sName resources/block_all_calls_except.wav
07/14/17 21:55:00.826 AB sName resources/broadcast.wav
07/14/17 21:55:00.842 AB sName resources/buddies.wav
07/14/17 21:55:00.842 AB sName resources/c.wav
07/14/17 21:55:00.842 AB sName resources/calls.wav
07/14/17 21:55:00.857 AB sName resources/cancel.wav
07/14/17 21:55:00.857 AB sName resources/cell.wav
07/14/17 21:55:00.857 AB sName resources/cell_phone.wav
07/14/17 21:55:00.888 AB sName resources/cellphone.wav
07/14/17 21:55:00.904 AB sName resources/command.wav
07/14/17 21:55:00.904 AB sName resources/conference.wav
07/14/17 21:55:00.904 AB sName resources/connect_to.wav
07/14/17 21:55:00.920 AB sName resources/d.wav
07/14/17 21:55:00.920 AB sName resources/delete.wav
07/14/17 21:55:00.935 AB sName resources/department_one.wav
07/14/17 21:55:00.935 AB sName resources/desk.wav
07/14/17 21:55:00.935 AB sName resources/desk_phone.wav
07/14/17 21:55:00.951 AB sName resources/dial.wav
07/14/17 21:55:00.951 AB sName resources/double.wav
07/14/17 21:55:00.951 AB sName resources/e.wav
07/14/17 21:55:00.966 AB sName resources/erase.wav
07/14/17 21:55:00.966 AB sName resources/except.wav
07/14/17 21:55:00.966 AB sName resources/extension.wav
07/14/17 21:55:00.966 AB sName resources/f.wav
07/14/17 21:55:00.982 AB sName resources/forward.wav
07/14/17 21:55:00.982 AB sName resources/forward_ALL_option.wav
07/14/17 21:55:00.982 AB sName resources/forward_OFFLINE_Option.wav
07/14/17 21:55:00.998 AB sName resources/forward_my_calls_to.wav
07/14/17 21:55:00.998 AB sName resources/forwarding.wav
07/14/17 21:55:00.998 AB sName resources/from-2.wav
07/14/17 21:55:01.013 AB sName resources/g.wav
07/14/17 21:55:01.013 AB sName resources/greeting.wav
07/14/17 21:55:01.013 AB sName resources/group-2.wav
07/14/17 21:55:01.029 AB sName resources/group.wav
07/14/17 21:55:01.029 AB sName resources/h.wav
07/14/17 21:55:01.029 AB sName resources/home.wav
07/14/17 21:55:01.044 AB sName resources/home_phone.wav
07/14/17 21:55:01.044 AB sName resources/i.wav
07/14/17 21:55:01.044 AB sName resources/j.wav
07/14/17 21:55:01.060 AB sName resources/join_the_conference_for.wav
07/14/17 21:55:01.060 AB sName resources/k.wav
07/14/17 21:55:01.060 AB sName resources/l.wav
07/14/17 21:55:01.060 AB sName resources/learn.wav
07/14/17 21:55:01.076 AB sName resources/leave_the_conference_for.wav
07/14/17 21:55:01.076 AB sName resources/log_out.wav
07/14/17 21:55:01.091 AB sName resources/m.wav
07/14/17 21:55:01.091 AB sName resources/me.wav
07/14/17 21:55:01.107 AB sName resources/messages.wav
07/14/17 21:55:01.107 AB sName resources/my.wav
07/14/17 21:55:01.107 AB sName resources/n.wav
07/14/17 21:55:01.107 AB sName resources/name.wav
07/14/17 21:55:01.122 AB sName resources/naught.wav
07/14/17 21:55:01.122 AB sName resources/no.wav
07/14/17 21:55:01.122 AB sName resources/number.wav
07/14/17 21:55:01.138 AB sName resources/o.wav
07/14/17 21:55:01.138 AB sName resources/off.wav
07/14/17 21:55:01.138 AB sName resources/oh.wav
07/14/17 21:55:01.154 AB sName resources/old.wav
07/14/17 21:55:01.154 AB sName resources/on.wav
07/14/17 21:55:01.154 AB sName resources/outside.wav
07/14/17 21:55:01.169 AB sName resources/outside_buddy.wav
07/14/17 21:55:01.169 AB sName resources/p.wav
07/14/17 21:55:01.169 AB sName resources/page.wav
07/14/17 21:55:01.185 AB sName resources/phone.wav
07/14/17 21:55:01.185 AB sName resources/play.wav
07/14/17 21:55:01.185 AB sName resources/play_welcome_tutorial.wav
07/14/17 21:55:01.200 AB sName resources/pound.wav
07/14/17 21:55:01.200 AB sName resources/q.wav
07/14/17 21:55:01.200 AB sName resources/r.wav
07/14/17 21:55:01.216 AB sName resources/record.wav
07/14/17 21:55:01.216 AB sName resources/redial.wav
07/14/17 21:55:01.216 AB sName resources/remove.wav
07/14/17 21:55:01.232 AB sName resources/repeat.wav
07/14/17 21:55:01.232 AB sName resources/s.wav
07/14/17 21:55:01.232 AB sName resources/save.wav
07/14/17 21:55:01.247 AB sName resources/send_a_message_to.wav
07/14/17 21:55:01.247 AB sName resources/speaker.wav
07/14/17 21:55:01.247 AB sName resources/star.wav
07/14/17 21:55:01.263 AB sName resources/stop.wav
07/14/17 21:55:01.263 AB sName resources/t.wav
07/14/17 21:55:01.263 AB sName resources/text.wav
07/14/17 21:55:01.278 AB sName resources/through.wav
07/14/17 21:55:01.278 AB sName resources/time.wav
07/14/17 21:55:01.278 AB sName resources/to-2.wav
07/14/17 21:55:01.294 AB sName resources/treble.wav
07/14/17 21:55:01.294 AB sName resources/triple.wav
07/14/17 21:55:01.294 AB sName resources/turn.wav
07/14/17 21:55:01.310 AB sName resources/u.wav
07/14/17 21:55:01.310 AB sName resources/unlearn.wav
07/14/17 21:55:01.310 AB sName resources/urgent.wav
07/14/17 21:55:01.325 AB sName resources/urgently.wav
07/14/17 21:55:01.325 AB sName resources/v.wav
07/14/17 21:55:0